This is XeTeX, Version 3.141592653-2.6-0.999997 (TeX Live 2025) (preloaded format=xelatex 2026.1.30)  30 JAN 2026 12:28
entering extended mode
 restricted \write18 enabled.
 %&-line parsing enabled.
**"/Users/rameshdulal/Documents/Web\ Portfolio/Nepal-Civil-War-and-Int-Migration/tables/Table1_Overall_Summary.tex"
! Emergency stop.
<to be read again> 
                   \ 
<*> "/Users/rameshdulal/Documents/Web\ 
                                       Portfolio/Nepal-Civil-War-and-Int-Mig...
*** (job aborted, file error in nonstop mode)

 
Here is how much of TeX's memory you used:
 3 strings out of 470190
 42 string characters out of 5477488
 426408 words of memory out of 5000000
 28692 multiletter control sequences out of 15000+600000
 627721 words of font info for 40 fonts, out of 8000000 for 9000
 14 hyphenation exceptions out of 8191
 1i,0n,0p,1b,6s stack positions out of 10000i,1000n,20000p,200000b,200000s
No pages of output.
